\BOOKMARK [0][]{chapter*.1}{\376\377\000L\036\334\000I\000\040\000C\036\242\000M\000\040\001\240\000N}{}% 1
\BOOKMARK [0][]{chapter*.1}{\376\377\000M\036\344\000C\000\040\000L\036\344\000C}{}% 2
\BOOKMARK [0][]{chapter*.1}{\376\377\000D\000A\000N\000H\000\040\000M\036\344\000C\000\040\000H\000\314\000N\000H\000\040\036\242\000N\000H}{}% 3
\BOOKMARK [0][]{chapter*.1}{\376\377\000D\000A\000N\000H\000\040\000M\036\344\000C\000\040\000B\036\242\000N\000G}{}% 4
\BOOKMARK [0][]{chapter.1}{\376\377\0001\000\040\000G\000i\036\333\000i\000\040\000T\000h\000i\036\307\000u\000\040}{}% 5
\BOOKMARK [0][]{chapter.2}{\376\377\0002\000\040\000K\000i\036\277\000n\000\040\000T\000h\036\351\000c\000\040\000N\036\301\000n\000\040\000T\036\243\000n\000g}{}% 6
\BOOKMARK [1][]{section.2.1}{\376\377\0002\000.\0001\000\040\000"\000A\000u\000t\000o\000-\000E\000n\000c\000o\000d\000e\000r\000s\000"}{chapter.2}% 7
\BOOKMARK [1][]{section.2.2}{\376\377\0002\000.\0002\000\040\000"\000V\000a\000r\000i\000a\000t\000i\000o\000n\000a\000l\000\040\000A\000u\000t\000o\000-\000E\000n\000c\000o\000d\000e\000r\000s\000"}{chapter.2}% 8
\BOOKMARK [2][]{subsection.2.2.1}{\376\377\0002\000.\0002\000.\0001\000\040\000M\000\364\000\040\000h\000\354\000n\000h\000\040\000x\000\341\000c\000\040\000s\000u\036\245\000t}{section.2.2}% 9
\BOOKMARK [2][]{subsection.2.2.2}{\376\377\0002\000.\0002\000.\0002\000\040\000"\000V\000a\000r\000i\000a\000t\000i\000o\000n\000a\000l\000\040\000I\000n\000f\000e\000r\000e\000n\000e\000"}{section.2.2}% 10
\BOOKMARK [2][]{subsection.2.2.3}{\376\377\0002\000.\0002\000.\0003\000\040\000"\000K\000u\000l\000l\000b\000a\000c\000k\000-\000L\000e\000i\000b\000e\000r\000\040\000D\000e\000v\000e\000r\000g\000e\000n\000c\000e\000"}{section.2.2}% 11
\BOOKMARK [1][]{section.2.3}{\376\377\0002\000.\0003\000\040\000"\000L\000o\000g\000l\000i\000k\000e\000l\000i\000h\000o\000o\000d\000\040\000f\000u\000n\000c\000t\000i\000o\000n\000"}{chapter.2}% 12
\BOOKMARK [0][]{chapter.3}{\376\377\0003\000\040\000M\000u\000l\000-\000V\000a\000r\000i\000a\000t\000i\000o\000n\000a\000l\000\040\000A\000u\000t\000o\000-\000E\000n\000c\000o\000d\000e\000r}{}% 13
\BOOKMARK [1][]{section.3.1}{\376\377\0003\000.\0001\000\040\000"\000E\000x\000p\000l\000i\000c\000i\000t\000\040\000F\000e\000e\000d\000b\000a\000c\000k\000"\000\040\000v\000\340\000\040\000"\000I\000m\000p\000l\000i\000c\000i\000t\000\040\000F\000e\000e\000d\000b\000a\000c\000k\000"}{chapter.3}% 14
\BOOKMARK [1][]{section.3.2}{\376\377\0003\000.\0002\000\040\000"\000M\000u\000l\000-\000V\000A\000E\000s\000"\000\040\000-\000\040\000M\036\337\000\040\000r\036\331\000n\000g\000\040\000V\000A\000E\000\040\000c\000h\000o\000\040\000b\000\340\000i\000\040\000t\000o\000\341\000n\000\040\000g\036\343\000i\000\040\000\375\000\040\000s\036\243\000n\000\040\000p\000h\036\251\000m}{chapter.3}% 15
\BOOKMARK [2][]{subsection.3.2.1}{\376\377\0003\000.\0002\000.\0001\000\040\000H\000u\036\245\000n\000\040\000l\000u\000y\036\307\000n\000\040\000m\000\364\000\040\000h\000\354\000n\000h}{section.3.2}% 16
\BOOKMARK [2][]{subsection.3.2.2}{\376\377\0003\000.\0002\000.\0002\000\040\000C\000\341\000c\000h\000\040\000M\000u\000l\000-\000V\000A\000E\000\040\001\021\001\260\000a\000\040\000r\000a\000\040\000g\036\343\000i\000\040\000\375\000\040\000c\000h\000o\000\040\000n\000g\001\260\036\335\000i\000\040\000d\000\371\000n\000g}{section.3.2}% 17
\BOOKMARK [1][]{section.3.3}{\376\377\0003\000.\0003\000\040\000"\000K\000L\000-\000A\000n\000n\000e\000a\000l\000i\000n\000g\000"}{chapter.3}% 18
\BOOKMARK [0][]{chapter.4}{\376\377\0004\000\040\000C\000\341\000c\000\040\000K\036\277\000t\000\040\000Q\000u\036\243\000\040\000T\000h\000\355\000\040\000N\000g\000h\000i\036\307\000m}{}% 19
\BOOKMARK [1][]{section.4.1}{\376\377\0004\000.\0001\000\040\000C\000\341\000c\000\040\001\021\036\331\000\040\001\021\000o}{chapter.4}% 20
\BOOKMARK [1][]{section.4.2}{\376\377\0004\000.\0002\000\040\000T\000h\000i\036\277\000t\000\040\000l\036\255\000p\000\040\000t\000h\000\355\000\040\000n\000g\000h\000i\036\307\000m}{chapter.4}% 21
\BOOKMARK [2][]{subsection.4.2.1}{\376\377\0004\000.\0002\000.\0001\000\040\000K\000i\036\277\000n\000\040\000t\000r\000\372\000c\000\040\000m\000\364\000\040\000h\000\354\000n\000h\000\040\000s\036\355\000\040\000d\036\345\000n\000g}{section.4.2}% 22
\BOOKMARK [2][]{subsection.4.2.2}{\376\377\0004\000.\0002\000.\0002\000\040\000T\000h\036\361\000c\000\040\000n\000g\000h\000i\036\307\000m\000\040\000t\000r\000\352\000n\000\040\000t\036\255\000p\000\040\000M\000o\000v\000i\000l\000e\000n\000-\0002\0000\000m}{section.4.2}% 23
\BOOKMARK [2][]{subsection.4.2.3}{\376\377\0004\000.\0002\000.\0003\000\040\000T\000h\036\361\000c\000\040\000n\000g\000h\000i\036\307\000m\000\040\000t\000r\000\352\000n\000\040\000t\036\255\000p\000\040\000N\000e\000t\000f\000l\000i\000x\000\040\000P\000r\000i\000z\000e}{section.4.2}% 24
\BOOKMARK [2][]{subsection.4.2.4}{\376\377\0004\000.\0002\000.\0004\000\040\000T\000h\036\361\000c\000\040\000n\000g\000h\000i\036\307\000m\000\040\000t\000r\000\352\000n\000\040\000t\036\255\000p\000\040\000M\000i\000l\000l\000i\000o\000n\000\040\000S\000o\000n\000g\000\040\000D\000a\000t\000a\000s\000e\000t}{section.4.2}% 25
\BOOKMARK [1][]{section.4.3}{\376\377\0004\000.\0003\000\040\000M\000u\000l\000t\000i\000n\000o\000m\000i\000a\000l\000\040\000l\000i\000k\000e\000l\000i\000h\000o\000o\000d\000\040\000v\000\340\000\040\000c\000\341\000c\000\040\000h\000\340\000m\000\040\000l\000i\000k\000e\000l\000i\000h\000o\000o\000d\000\040\000t\000h\000\364\000n\000g\000\040\000d\036\345\000n\000g\000\040\000k\000h\000\341\000c}{chapter.4}% 26
\BOOKMARK [0][]{chapter.5}{\376\377\0005\000\040\000K\036\277\000t\000\040\000L\000u\036\255\000n\000\040\000v\000\340\000\040\000H\001\260\036\333\000n\000g\000\040\000P\000h\000\341\000t\000\040\000T\000r\000i\036\303\000n}{}% 27
\BOOKMARK [1][]{section.5.1}{\376\377\0005\000.\0001\000\040\000K\036\277\000t\000\040\000l\000u\036\255\000n}{chapter.5}% 28
\BOOKMARK [1][]{section.5.2}{\376\377\0005\000.\0002\000\040\000H\001\260\036\333\000n\000g\000\040\000p\000h\000\341\000t\000\040\000t\000r\000i\036\303\000n}{chapter.5}% 29
\BOOKMARK [0][]{chapter*.17}{\376\377\000P\000h\036\345\000\040\000L\036\345\000c\000:\000\040\000C\000\341\000c\000\040\000C\000\364\000n\000g\000\040\000T\000r\000\354\000n\000h\000\040\001\020\000\343\000\040\000C\000\364\000n\000g\000\040\000B\036\321}{}% 30
\BOOKMARK [0][]{chapter*.18}{\376\377\000T\000\300\000I\000\040\000L\000I\036\306\000U\000\040\000T\000H\000A\000M\000\040\000K\000H\036\242\000O}{}% 31
